<?xml version="1.0" encoding="UTF-8"?>
<!-- Generated by org.testng.reporters.JUnitReportReporter -->
<testsuite hostname="inbl01lap5281" failures="0" tests="1" name="Mobiletesting.AppiumBasic" time="8.959" errors="0" timestamp="2023-12-10T13:17:34 IST" skipped="0">
  <testcase classname="Mobiletesting.AppiumBasic" name="WifiSettingName" time="8.959"/>
</testsuite> <!-- Mobiletesting.AppiumBasic -->
