<?xml version="1.0" encoding="UTF-8"?>
<!-- Generated by org.testng.reporters.JUnitReportReporter -->
<testsuite hostname="inbl01lap5281" failures="0" tests="1" name="Mobiletesting.eCommerce_tc_4_Hybrid" time="84.493" errors="0" timestamp="2023-12-10T20:34:01 IST" skipped="0">
  <testcase classname="Mobiletesting.eCommerce_tc_4_Hybrid" name="FillForm" time="84.493"/>
</testsuite> <!-- Mobiletesting.eCommerce_tc_4_Hybrid -->
