<?xml version="1.0" encoding="UTF-8"?>
<!-- Generated by org.testng.reporters.JUnitReportReporter -->
<testsuite hostname="inbl01lap5281" failures="0" tests="1" name="Mobiletesting.Ecommece_tc_2" time="20.976" errors="0" timestamp="2023-12-10T17:32:18 IST" skipped="0">
  <testcase classname="Mobiletesting.Ecommece_tc_2" name="FillForm" time="20.976"/>
</testsuite> <!-- Mobiletesting.Ecommece_tc_2 -->
