<?xml version="1.0" encoding="UTF-8"?>
<!-- Generated by org.testng.reporters.JUnitReportReporter -->
<testsuite hostname="inbl01lap5281" failures="0" tests="1" name="Mobiletesting.eCommerce_tc_3" time="22.695" errors="0" timestamp="2023-12-10T19:51:03 IST" skipped="0">
  <testcase classname="Mobiletesting.eCommerce_tc_3" name="FillForm" time="22.695"/>
</testsuite> <!-- Mobiletesting.eCommerce_tc_3 -->
