<?xml version="1.0" encoding="UTF-8"?>
<!-- Generated by org.testng.reporters.JUnitReportReporter -->
<testsuite hostname="inbl01lap5281" failures="0" tests="1" name="Mobiletesting.ScrollDemo" time="11.541" errors="0" timestamp="2023-12-09T23:41:47 IST" skipped="0">
  <testcase classname="Mobiletesting.ScrollDemo" name="ScrollDemoTest" time="11.541"/>
</testsuite> <!-- Mobiletesting.ScrollDemo -->
