<?xml version="1.0" encoding="UTF-8"?>
<!-- Generated by org.testng.reporters.JUnitReportReporter -->
<testsuite hostname="inbl01lap5281" failures="0" tests="1" name="Mobiletesting.Miscellanous" time="20.345" errors="0" timestamp="2023-12-10T12:54:10 IST" skipped="0">
  <testcase classname="Mobiletesting.Miscellanous" name="WifiSettingName" time="20.345"/>
</testsuite> <!-- Mobiletesting.Miscellanous -->
